2021-09-12 09:34:31.118  INFO 12060 --- [restartedMain] gov.tmo.tmokps.TmoKpsApplication         : Starting TmoKpsApplication using Java 11.0.12 on GUNERKALAN with PID 12060 (C:\springbootdemos\tmo-kps\target\classes started by guner.kalan in C:\springbootdemos\tmo-kps)
2021-09-12 09:34:31.118  INFO 12060 --- [restartedMain] gov.tmo.tmokps.TmoKpsApplication         : No active profile set, falling back to default profiles: default
2021-09-12 09:34:31.181  INFO 12060 --- [restartedMain] .e.DevToolsPropertyDefaultsPostProcessor : Devtools property defaults active! Set 'spring.devtools.add-properties' to 'false' to disable
2021-09-12 09:34:32.155  INFO 12060 --- [restartedMain] .s.d.r.c.RepositoryConfigurationDelegate : Bootstrapping Spring Data JPA repositories in DEFAULT mode.
2021-09-12 09:34:32.233  INFO 12060 --- [restartedMain] .s.d.r.c.RepositoryConfigurationDelegate : Finished Spring Data repository scanning in 61 ms. Found 2 JPA repository interfaces.
2021-09-12 09:34:32.780  INFO 12060 --- [restartedMain] o.s.b.w.embedded.tomcat.TomcatWebServer  : Tomcat initialized with port(s): 8061 (http)
2021-09-12 09:34:32.780  INFO 12060 --- [restartedMain] o.apache.catalina.core.StandardService   : Starting service [Tomcat]
2021-09-12 09:34:32.780  INFO 12060 --- [restartedMain] org.apache.catalina.core.StandardEngine  : Starting Servlet engine: [Apache Tomcat/9.0.52]
2021-09-12 09:34:32.889  INFO 12060 --- [restartedMain] o.a.c.c.C.[Tomcat].[localhost].[/]       : Initializing Spring embedded WebApplicationContext
2021-09-12 09:34:32.889  INFO 12060 --- [restartedMain] w.s.c.ServletWebServerApplicationContext : Root WebApplicationContext: initialization completed in 1708 ms
2021-09-12 09:34:33.000  INFO 12060 --- [restartedMain] o.hibernate.jpa.internal.util.LogHelper  : HHH000204: Processing PersistenceUnitInfo [name: default]
2021-09-12 09:34:33.062  INFO 12060 --- [restartedMain] org.hibernate.Version                    : HHH000412: Hibernate ORM core version 5.4.32.Final
2021-09-12 09:34:33.172  INFO 12060 --- [restartedMain] o.hibernate.annotations.common.Version   : HCANN000001: Hibernate Commons Annotations {5.1.2.Final}
2021-09-12 09:34:33.281  INFO 12060 --- [restartedMain] com.zaxxer.hikari.HikariDataSource       : HikariPool-1 - Starting...
2021-09-12 09:34:33.625  INFO 12060 --- [restartedMain] com.zaxxer.hikari.HikariDataSource       : HikariPool-1 - Start completed.
2021-09-12 09:34:33.641  INFO 12060 --- [restartedMain] org.hibernate.dialect.Dialect            : HHH000400: Using dialect: org.hibernate.dialect.PostgreSQL10Dialect
2021-09-12 09:34:34.547  INFO 12060 --- [restartedMain] o.h.e.t.j.p.i.JtaPlatformInitiator       : HHH000490: Using JtaPlatform implementation: [org.hibernate.engine.transaction.jta.platform.internal.NoJtaPlatform]
2021-09-12 09:34:34.547  INFO 12060 --- [restartedMain] j.LocalContainerEntityManagerFactoryBean : Initialized JPA EntityManagerFactory for persistence unit 'default'
2021-09-12 09:34:35.058  WARN 12060 --- [restartedMain] JpaBaseConfiguration$JpaWebConfiguration : spring.jpa.open-in-view is enabled by default. Therefore, database queries may be performed during view rendering. Explicitly configure spring.jpa.open-in-view to disable this warning
2021-09-12 09:34:35.214  INFO 12060 --- [restartedMain] pertySourcedRequestMappingHandlerMapping : Mapped URL path [/v2/api-docs] onto method [springfox.documentation.swagger2.web.Swagger2Controller#getDocumentation(String, HttpServletRequest)]
2021-09-12 09:34:35.339  INFO 12060 --- [restartedMain] o.s.b.d.a.OptionalLiveReloadServer       : LiveReload server is running on port 35729
2021-09-12 09:34:35.511  INFO 12060 --- [restartedMain] o.s.b.w.embedded.tomcat.TomcatWebServer  : Tomcat started on port(s): 8061 (http) with context path ''
2021-09-12 09:34:35.511  INFO 12060 --- [restartedMain] d.s.w.p.DocumentationPluginsBootstrapper : Context refreshed
2021-09-12 09:34:35.527  INFO 12060 --- [restartedMain] d.s.w.p.DocumentationPluginsBootstrapper : Found 1 custom documentation plugin(s)
2021-09-12 09:34:35.542  INFO 12060 --- [restartedMain] s.d.s.w.s.ApiListingReferenceScanner     : Scanning for api listing references
2021-09-12 09:34:35.574  INFO 12060 --- [restartedMain] gov.tmo.tmokps.TmoKpsApplication         : Started TmoKpsApplication in 4.929 seconds (JVM running for 6.272)
2021-09-12 09:34:43.219  INFO 12060 --- [SpringApplicationShutdownHook] j.LocalContainerEntityManagerFactoryBean : Closing JPA EntityManagerFactory for persistence unit 'default'
2021-09-12 09:34:43.219  INFO 12060 --- [SpringApplicationShutdownHook] com.zaxxer.hikari.HikariDataSource       : HikariPool-1 - Shutdown initiated...
2021-09-12 09:34:43.219  INFO 12060 --- [SpringApplicationShutdownHook] com.zaxxer.hikari.HikariDataSource       : HikariPool-1 - Shutdown completed.
2021-09-12 09:40:16.584  INFO 16968 --- [restartedMain] gov.tmo.tmokps.TmoKpsApplication         : Starting TmoKpsApplication using Java 11.0.12 on GUNERKALAN with PID 16968 (C:\springbootdemos\tmo-kps\target\classes started by guner.kalan in C:\springbootdemos\tmo-kps)
2021-09-12 09:40:16.588  INFO 16968 --- [restartedMain] gov.tmo.tmokps.TmoKpsApplication         : No active profile set, falling back to default profiles: default
2021-09-12 09:40:16.655  INFO 16968 --- [restartedMain] .e.DevToolsPropertyDefaultsPostProcessor : Devtools property defaults active! Set 'spring.devtools.add-properties' to 'false' to disable
2021-09-12 09:40:17.543  INFO 16968 --- [restartedMain] .s.d.r.c.RepositoryConfigurationDelegate : Bootstrapping Spring Data JPA repositories in DEFAULT mode.
2021-09-12 09:40:17.604  INFO 16968 --- [restartedMain] .s.d.r.c.RepositoryConfigurationDelegate : Finished Spring Data repository scanning in 53 ms. Found 2 JPA repository interfaces.
2021-09-12 09:40:18.094  INFO 16968 --- [restartedMain] o.s.b.w.embedded.tomcat.TomcatWebServer  : Tomcat initialized with port(s): 8061 (http)
2021-09-12 09:40:18.103  INFO 16968 --- [restartedMain] o.apache.catalina.core.StandardService   : Starting service [Tomcat]
2021-09-12 09:40:18.103  INFO 16968 --- [restartedMain] org.apache.catalina.core.StandardEngine  : Starting Servlet engine: [Apache Tomcat/9.0.52]
2021-09-12 09:40:18.194  INFO 16968 --- [restartedMain] o.a.c.c.C.[Tomcat].[localhost].[/]       : Initializing Spring embedded WebApplicationContext
2021-09-12 09:40:18.194  INFO 16968 --- [restartedMain] w.s.c.ServletWebServerApplicationContext : Root WebApplicationContext: initialization completed in 1538 ms
2021-09-12 09:40:18.316  INFO 16968 --- [restartedMain] o.hibernate.jpa.internal.util.LogHelper  : HHH000204: Processing PersistenceUnitInfo [name: default]
2021-09-12 09:40:18.352  INFO 16968 --- [restartedMain] org.hibernate.Version                    : HHH000412: Hibernate ORM core version 5.4.32.Final
2021-09-12 09:40:18.441  INFO 16968 --- [restartedMain] o.hibernate.annotations.common.Version   : HCANN000001: Hibernate Commons Annotations {5.1.2.Final}
2021-09-12 09:40:18.517  INFO 16968 --- [restartedMain] com.zaxxer.hikari.HikariDataSource       : HikariPool-1 - Starting...
2021-09-12 09:40:18.679  INFO 16968 --- [restartedMain] com.zaxxer.hikari.HikariDataSource       : HikariPool-1 - Start completed.
2021-09-12 09:40:18.696  INFO 16968 --- [restartedMain] org.hibernate.dialect.Dialect            : HHH000400: Using dialect: org.hibernate.dialect.PostgreSQL10Dialect
2021-09-12 09:40:19.512  INFO 16968 --- [restartedMain] o.h.e.t.j.p.i.JtaPlatformInitiator       : HHH000490: Using JtaPlatform implementation: [org.hibernate.engine.transaction.jta.platform.internal.NoJtaPlatform]
2021-09-12 09:40:19.520  INFO 16968 --- [restartedMain] j.LocalContainerEntityManagerFactoryBean : Initialized JPA EntityManagerFactory for persistence unit 'default'
2021-09-12 09:40:20.007  WARN 16968 --- [restartedMain] JpaBaseConfiguration$JpaWebConfiguration : spring.jpa.open-in-view is enabled by default. Therefore, database queries may be performed during view rendering. Explicitly configure spring.jpa.open-in-view to disable this warning
2021-09-12 09:40:20.147  INFO 16968 --- [restartedMain] pertySourcedRequestMappingHandlerMapping : Mapped URL path [/v2/api-docs] onto method [springfox.documentation.swagger2.web.Swagger2Controller#getDocumentation(String, HttpServletRequest)]
2021-09-12 09:40:20.271  INFO 16968 --- [restartedMain] o.s.b.d.a.OptionalLiveReloadServer       : LiveReload server is running on port 35729
2021-09-12 09:40:20.425  INFO 16968 --- [restartedMain] o.s.b.w.embedded.tomcat.TomcatWebServer  : Tomcat started on port(s): 8061 (http) with context path ''
2021-09-12 09:40:20.426  INFO 16968 --- [restartedMain] d.s.w.p.DocumentationPluginsBootstrapper : Context refreshed
2021-09-12 09:40:20.439  INFO 16968 --- [restartedMain] d.s.w.p.DocumentationPluginsBootstrapper : Found 1 custom documentation plugin(s)
2021-09-12 09:40:20.460  INFO 16968 --- [restartedMain] s.d.s.w.s.ApiListingReferenceScanner     : Scanning for api listing references
2021-09-12 09:40:20.480  INFO 16968 --- [restartedMain] gov.tmo.tmokps.TmoKpsApplication         : Started TmoKpsApplication in 4.366 seconds (JVM running for 5.644)
2021-09-12 09:40:33.314  INFO 16968 --- [SpringApplicationShutdownHook] j.LocalContainerEntityManagerFactoryBean : Closing JPA EntityManagerFactory for persistence unit 'default'
2021-09-12 09:40:33.314  INFO 16968 --- [SpringApplicationShutdownHook] com.zaxxer.hikari.HikariDataSource       : HikariPool-1 - Shutdown initiated...
2021-09-12 09:40:33.330  INFO 16968 --- [SpringApplicationShutdownHook] com.zaxxer.hikari.HikariDataSource       : HikariPool-1 - Shutdown completed.
2021-09-12 09:42:28.205  INFO 8120 --- [restartedMain] gov.tmo.tmokps.TmoKpsApplication         : Starting TmoKpsApplication using Java 11.0.12 on GUNERKALAN with PID 8120 (C:\springbootdemos\tmo-kps\target\classes started by guner.kalan in C:\springbootdemos\tmo-kps)
2021-09-12 09:42:28.205  INFO 8120 --- [restartedMain] gov.tmo.tmokps.TmoKpsApplication         : No active profile set, falling back to default profiles: default
2021-09-12 09:42:28.252  INFO 8120 --- [restartedMain] .e.DevToolsPropertyDefaultsPostProcessor : Devtools property defaults active! Set 'spring.devtools.add-properties' to 'false' to disable
2021-09-12 09:42:29.133  INFO 8120 --- [restartedMain] .s.d.r.c.RepositoryConfigurationDelegate : Bootstrapping Spring Data JPA repositories in DEFAULT mode.
2021-09-12 09:42:29.211  INFO 8120 --- [restartedMain] .s.d.r.c.RepositoryConfigurationDelegate : Finished Spring Data repository scanning in 60 ms. Found 2 JPA repository interfaces.
2021-09-12 09:42:29.758  INFO 8120 --- [restartedMain] o.s.b.w.embedded.tomcat.TomcatWebServer  : Tomcat initialized with port(s): 8061 (http)
2021-09-12 09:42:29.758  INFO 8120 --- [restartedMain] o.apache.catalina.core.StandardService   : Starting service [Tomcat]
2021-09-12 09:42:29.758  INFO 8120 --- [restartedMain] org.apache.catalina.core.StandardEngine  : Starting Servlet engine: [Apache Tomcat/9.0.52]
2021-09-12 09:42:29.875  INFO 8120 --- [restartedMain] o.a.c.c.C.[Tomcat].[localhost].[/]       : Initializing Spring embedded WebApplicationContext
2021-09-12 09:42:29.875  INFO 8120 --- [restartedMain] w.s.c.ServletWebServerApplicationContext : Root WebApplicationContext: initialization completed in 1613 ms
2021-09-12 09:42:29.987  INFO 8120 --- [restartedMain] o.hibernate.jpa.internal.util.LogHelper  : HHH000204: Processing PersistenceUnitInfo [name: default]
2021-09-12 09:42:30.018  INFO 8120 --- [restartedMain] org.hibernate.Version                    : HHH000412: Hibernate ORM core version 5.4.32.Final
2021-09-12 09:42:30.096  INFO 8120 --- [restartedMain] o.hibernate.annotations.common.Version   : HCANN000001: Hibernate Commons Annotations {5.1.2.Final}
2021-09-12 09:42:30.191  INFO 8120 --- [restartedMain] com.zaxxer.hikari.HikariDataSource       : HikariPool-1 - Starting...
2021-09-12 09:42:30.467  INFO 8120 --- [restartedMain] com.zaxxer.hikari.HikariDataSource       : HikariPool-1 - Start completed.
2021-09-12 09:42:30.483  INFO 8120 --- [restartedMain] org.hibernate.dialect.Dialect            : HHH000400: Using dialect: org.hibernate.dialect.PostgreSQL10Dialect
2021-09-12 09:42:31.280  INFO 8120 --- [restartedMain] o.h.e.t.j.p.i.JtaPlatformInitiator       : HHH000490: Using JtaPlatform implementation: [org.hibernate.engine.transaction.jta.platform.internal.NoJtaPlatform]
2021-09-12 09:42:31.296  INFO 8120 --- [restartedMain] j.LocalContainerEntityManagerFactoryBean : Initialized JPA EntityManagerFactory for persistence unit 'default'
2021-09-12 09:42:31.822  WARN 8120 --- [restartedMain] JpaBaseConfiguration$JpaWebConfiguration : spring.jpa.open-in-view is enabled by default. Therefore, database queries may be performed during view rendering. Explicitly configure spring.jpa.open-in-view to disable this warning
2021-09-12 09:42:31.963  INFO 8120 --- [restartedMain] pertySourcedRequestMappingHandlerMapping : Mapped URL path [/v2/api-docs] onto method [springfox.documentation.swagger2.web.Swagger2Controller#getDocumentation(String, HttpServletRequest)]
2021-09-12 09:42:32.085  INFO 8120 --- [restartedMain] o.s.b.d.a.OptionalLiveReloadServer       : LiveReload server is running on port 35729
2021-09-12 09:42:32.260  INFO 8120 --- [restartedMain] o.s.b.w.embedded.tomcat.TomcatWebServer  : Tomcat started on port(s): 8061 (http) with context path ''
2021-09-12 09:42:32.260  INFO 8120 --- [restartedMain] d.s.w.p.DocumentationPluginsBootstrapper : Context refreshed
2021-09-12 09:42:32.276  INFO 8120 --- [restartedMain] d.s.w.p.DocumentationPluginsBootstrapper : Found 1 custom documentation plugin(s)
2021-09-12 09:42:32.292  INFO 8120 --- [restartedMain] s.d.s.w.s.ApiListingReferenceScanner     : Scanning for api listing references
2021-09-12 09:42:32.323  INFO 8120 --- [restartedMain] gov.tmo.tmokps.TmoKpsApplication         : Started TmoKpsApplication in 4.605 seconds (JVM running for 5.916)
2021-09-12 09:42:41.846  INFO 8120 --- [SpringApplicationShutdownHook] j.LocalContainerEntityManagerFactoryBean : Closing JPA EntityManagerFactory for persistence unit 'default'
2021-09-12 09:42:41.862  INFO 8120 --- [SpringApplicationShutdownHook] com.zaxxer.hikari.HikariDataSource       : HikariPool-1 - Shutdown initiated...
2021-09-12 09:42:41.862  INFO 8120 --- [SpringApplicationShutdownHook] com.zaxxer.hikari.HikariDataSource       : HikariPool-1 - Shutdown completed.
